<?xml version="1.0" encoding="UTF-8"?>
<testsuite xmlns:xsi="http://www.w3.org/2001/XMLSchema-instance" xsi:noNamespaceSchemaLocation="https://maven.apache.org/surefire/maven-surefire-plugin/xsd/surefire-test-report.xsd" version="3.0.2" name="com.aianalysis.AianalysisApplicationTests" time="6.867" tests="1" errors="0" skipped="0" failures="0">
  <properties>
[...]
</properties>
  <testcase name="contextLoads" classname="com.aianalysis.AianalysisApplicationTests" time="1.32">
    <system-out><![CDATA[17:42:52.102 [main] INFO org.springframework.test.context.support.AnnotationConfigContextLoaderUtils -- Could not detect default configuration classes for test class [com.aianalysis.AianalysisApplicationTests]: AianalysisApplicationTests does not declare any static, non-private, non-final, nested classes annotated with @Configuration.
17:42:52.295 [main] INFO org.springframework.boot.test.context.SpringBootTestContextBootstrapper -- Found @SpringBootConfiguration com.aianalysis.AianalysisApplication for test class com.aianalysis.AianalysisApplicationTests
17:42:52.560 [main] INFO org.springframework.boot.devtools.restart.RestartApplicationListener -- Restart disabled due to context in which it is running

  .   ____          _            __ _ _
 /\\ / ___'_ __ _ _(_)_ __  __ _ \ \ \ \
( ( )\___ | '_ | '_| | '_ \/ _` | \ \ \ \
 \\/  ___)| |_)| | | | | || (_| |  ) ) ) )
  '  |____| .__|_| |_|_| |_\__, | / / / /
 =========|_|==============|___/=/_/_/_/

 :: Spring Boot ::                (v3.4.3)

2025-04-01T17:42:53.071+09:00  INFO 13076 --- [aianalysis] [           main] c.aianalysis.AianalysisApplicationTests  : Starting AianalysisApplicationTests using Java 21.0.5 with PID 13076 (started by HKIT in C:\kit\git\msa_backend_02\aianalysis)
2025-04-01T17:42:53.073+09:00  INFO 13076 --- [aianalysis] [           main] c.aianalysis.AianalysisApplicationTests  : No active profile set, falling back to 1 default profile: "default"
2025-04-01T17:42:54.541+09:00  INFO 13076 --- [aianalysis] [           main] .s.d.r.c.RepositoryConfigurationDelegate : Multiple Spring Data modules found, entering strict repository configuration mode
2025-04-01T17:42:54.545+09:00  INFO 13076 --- [aianalysis] [           main] .s.d.r.c.RepositoryConfigurationDelegate : Bootstrapping Spring Data Redis repositories in DEFAULT mode.
2025-04-01T17:42:54.601+09:00  INFO 13076 --- [aianalysis] [           main] .s.d.r.c.RepositoryConfigurationDelegate : Finished Spring Data repository scanning in 22 ms. Found 0 Redis repository interfaces.
2025-04-01T17:42:57.359+09:00  INFO 13076 --- [aianalysis] [           main] c.aianalysis.AianalysisApplicationTests  : Started AianalysisApplicationTests in 4.82 seconds (process running for 6.359)
]]></system-out>
    <system-err><![CDATA[Mockito is currently self-attaching to enable the inline-mock-maker. This will no longer work in future releases of the JDK. Please add Mockito as an agent to your build what is described in Mockito's documentation: https://javadoc.io/doc/org.mockito/mockito-core/latest/org/mockito/Mockito.html#0.3
WARNING: A Java agent has been loaded dynamically (C:\kit\maven\repository\net\bytebuddy\byte-buddy-agent\1.15.11\byte-buddy-agent-1.15.11.jar)
WARNING: If a serviceability tool is in use, please run with -XX:+EnableDynamicAgentLoading to hide this warning
WARNING: If a serviceability tool is not in use, please run with -Djdk.instrument.traceUsage for more information
WARNING: Dynamic loading of agents will be disallowed by default in a future release
]]></system-err>
  </testcase>
</testsuite>